0 info it worked if it ends with ok
1 verbose cli [ 'D:\\Programs\\nodejs\\\\node.exe',
1 verbose cli   'D:\\Programs\\nodejs\\node_modules\\npm\\bin\\npm-cli.js',
1 verbose cli   'install',
1 verbose cli   'bcrypt',
1 verbose cli   '--save' ]
2 info using npm@2.11.3
3 info using node@v0.12.7
4 verbose install initial load of D:\____ActiveProjects\easyarch\package.json
5 verbose installManyTop reading scoped package data from D:\____ActiveProjects\easyarch\node_modules\cors\package.json
6 verbose readDependencies loading dependencies from D:\____ActiveProjects\easyarch\package.json
7 silly cache add args [ 'bcrypt', null ]
8 verbose cache add spec bcrypt
9 silly cache add parsed spec { raw: 'bcrypt',
9 silly cache add   scope: null,
9 silly cache add   name: 'bcrypt',
9 silly cache add   rawSpec: '',
9 silly cache add   spec: '*',
9 silly cache add   type: 'range' }
10 silly addNamed bcrypt@*
11 verbose addNamed "*" is a valid semver range for bcrypt
12 silly addNameRange { name: 'bcrypt', range: '*', hasData: false }
13 silly mapToRegistry name bcrypt
14 silly mapToRegistry using default registry
15 silly mapToRegistry registry https://registry.npmjs.org/
16 silly mapToRegistry uri https://registry.npmjs.org/bcrypt
17 verbose addNameRange registry:https://registry.npmjs.org/bcrypt not in flight; fetching
18 verbose request uri https://registry.npmjs.org/bcrypt
19 verbose request no auth needed
20 info attempt registry request try #1 at 23:27:07
21 verbose request id 8c6632856aaf17de
22 verbose etag "398F192FUE7FBCG521B59OFYJ"
23 http request GET https://registry.npmjs.org/bcrypt
24 http 304 https://registry.npmjs.org/bcrypt
25 silly get cb [ 304,
25 silly get   { date: 'Thu, 08 Sep 2016 21:27:07 GMT',
25 silly get     via: '1.1 varnish',
25 silly get     'cache-control': 'max-age=300',
25 silly get     etag: '"398F192FUE7FBCG521B59OFYJ"',
25 silly get     age: '241',
25 silly get     connection: 'keep-alive',
25 silly get     'x-served-by': 'cache-fra1232-FRA',
25 silly get     'x-cache': 'HIT',
25 silly get     'x-cache-hits': '1',
25 silly get     'x-timer': 'S1473370027.639660,VS0,VE0',
25 silly get     vary: 'Accept-Encoding' } ]
26 verbose etag https://registry.npmjs.org/bcrypt from cache
27 verbose get saving bcrypt to C:\Users\User\AppData\Roaming\npm-cache\registry.npmjs.org\bcrypt\.cache.json
28 silly addNameRange number 2 { name: 'bcrypt', range: '*', hasData: true }
29 silly addNameRange versions [ 'bcrypt',
29 silly addNameRange   [ '0.1.2',
29 silly addNameRange     '0.2.0',
29 silly addNameRange     '0.2.1',
29 silly addNameRange     '0.1.3',
29 silly addNameRange     '0.2.2',
29 silly addNameRange     '0.2.3',
29 silly addNameRange     '0.2.4',
29 silly addNameRange     '0.3.0',
29 silly addNameRange     '0.3.1',
29 silly addNameRange     '0.3.2',
29 silly addNameRange     '0.4.0',
29 silly addNameRange     '0.4.1',
29 silly addNameRange     '0.5.0',
29 silly addNameRange     '0.6.0',
29 silly addNameRange     '0.7.0',
29 silly addNameRange     '0.7.1',
29 silly addNameRange     '0.7.2',
29 silly addNameRange     '0.7.3',
29 silly addNameRange     '0.7.4',
29 silly addNameRange     '0.7.5',
29 silly addNameRange     '0.7.6',
29 silly addNameRange     '0.7.7',
29 silly addNameRange     '0.7.8',
29 silly addNameRange     '0.8.0',
29 silly addNameRange     '0.8.1',
29 silly addNameRange     '0.8.2',
29 silly addNameRange     '0.8.3',
29 silly addNameRange     '0.8.4',
29 silly addNameRange     '0.8.5',
29 silly addNameRange     '0.8.6',
29 silly addNameRange     '0.8.7' ] ]
30 silly addNamed bcrypt@0.8.7
31 verbose addNamed "0.8.7" is a plain semver version for bcrypt
32 silly cache afterAdd bcrypt@0.8.7
33 verbose afterAdd C:\Users\User\AppData\Roaming\npm-cache\bcrypt\0.8.7\package\package.json not in flight; writing
34 verbose afterAdd C:\Users\User\AppData\Roaming\npm-cache\bcrypt\0.8.7\package\package.json written
35 silly install resolved [ { name: 'bcrypt',
35 silly install resolved     description: 'A bcrypt library for NodeJS.',
35 silly install resolved     keywords:
35 silly install resolved      [ 'bcrypt',
35 silly install resolved        'password',
35 silly install resolved        'auth',
35 silly install resolved        'authentication',
35 silly install resolved        'encryption',
35 silly install resolved        'crypt',
35 silly install resolved        'crypto' ],
35 silly install resolved     main: './bcrypt',
35 silly install resolved     version: '0.8.7',
35 silly install resolved     author: { name: 'Nick Campbell', url: 'https://github.com/ncb000gt' },
35 silly install resolved     engines: { node: '>= 0.6.0' },
35 silly install resolved     repository:
35 silly install resolved      { type: 'git',
35 silly install resolved        url: 'git+https://github.com/ncb000gt/node.bcrypt.js.git' },
35 silly install resolved     license: 'MIT',
35 silly install resolved     bugs: { url: 'https://github.com/ncb000gt/node.bcrypt.js/issues' },
35 silly install resolved     scripts:
35 silly install resolved      { test: 'node-gyp configure build && nodeunit test',
35 silly install resolved        install: 'node-gyp rebuild' },
35 silly install resolved     dependencies: { bindings: '1.2.1', nan: '2.3.5' },
35 silly install resolved     devDependencies: { nodeunit: '~0.9.1' },
35 silly install resolved     contributors:
35 silly install resolved      [ [Object],
35 silly install resolved        [Object],
35 silly install resolved        [Object],
35 silly install resolved        [Object],
35 silly install resolved        [Object],
35 silly install resolved        [Object],
35 silly install resolved        [Object],
35 silly install resolved        [Object],
35 silly install resolved        [Object],
35 silly install resolved        [Object],
35 silly install resolved        [Object],
35 silly install resolved        [Object],
35 silly install resolved        [Object],
35 silly install resolved        [Object] ],
35 silly install resolved     gypfile: true,
35 silly install resolved     gitHead: '0dc9b78dab6980d129b77d1df723aa44daa7deb4',
35 silly install resolved     homepage: 'https://github.com/ncb000gt/node.bcrypt.js#readme',
35 silly install resolved     _id: 'bcrypt@0.8.7',
35 silly install resolved     _shasum: 'bc3875a9afd0a7b2cd231a6a7f218a5ce156b093',
35 silly install resolved     _from: 'bcrypt@*',
35 silly install resolved     _npmVersion: '3.8.9',
35 silly install resolved     _nodeVersion: '6.2.0',
35 silly install resolved     _npmUser: { name: 'defunctzombie', email: 'shtylman@gmail.com' },
35 silly install resolved     dist:
35 silly install resolved      { shasum: 'bc3875a9afd0a7b2cd231a6a7f218a5ce156b093',
35 silly install resolved        tarball: 'https://registry.npmjs.org/bcrypt/-/bcrypt-0.8.7.tgz' },
35 silly install resolved     maintainers: [ [Object], [Object], [Object], [Object] ],
35 silly install resolved     _npmOperationalInternal:
35 silly install resolved      { host: 'packages-12-west.internal.npmjs.com',
35 silly install resolved        tmp: 'tmp/bcrypt-0.8.7.tgz_1465526713712_0.05265477881766856' },
35 silly install resolved     directories: {},
35 silly install resolved     _resolved: 'https://registry.npmjs.org/bcrypt/-/bcrypt-0.8.7.tgz',
35 silly install resolved     readme: 'ERROR: No README data found!' } ]
36 info install bcrypt@0.8.7 into D:\____ActiveProjects\easyarch
37 info installOne bcrypt@0.8.7
38 verbose installOne of bcrypt to D:\____ActiveProjects\easyarch not in flight; installing
39 verbose lock using C:\Users\User\AppData\Roaming\npm-cache\_locks\bcrypt-58527c8101eda759.lock for D:\____ActiveProjects\easyarch\node_modules\bcrypt
40 silly install write writing bcrypt 0.8.7 to D:\____ActiveProjects\easyarch\node_modules\bcrypt
41 verbose unbuild node_modules\bcrypt
42 silly gentlyRm D:\____ActiveProjects\easyarch\node_modules\bcrypt is being purged from base D:\____ActiveProjects\easyarch
43 verbose gentlyRm don't care about contents; nuking D:\____ActiveProjects\easyarch\node_modules\bcrypt
44 verbose tar unpack C:\Users\User\AppData\Roaming\npm-cache\bcrypt\0.8.7\package.tgz
45 verbose tar unpacking to D:\____ActiveProjects\easyarch\node_modules\bcrypt
46 silly gentlyRm D:\____ActiveProjects\easyarch\node_modules\bcrypt is being purged
47 verbose gentlyRm don't care about contents; nuking D:\____ActiveProjects\easyarch\node_modules\bcrypt
48 silly gunzTarPerm modes [ '777', '666' ]
49 silly gunzTarPerm extractEntry package.json
50 silly gunzTarPerm modified mode [ 'package.json', 420, 438 ]
51 silly gunzTarPerm extractEntry .npmignore
52 silly gunzTarPerm modified mode [ '.npmignore', 420, 438 ]
53 silly gunzTarPerm extractEntry README.md
54 silly gunzTarPerm modified mode [ 'README.md', 420, 438 ]
55 silly gunzTarPerm extractEntry LICENSE
56 silly gunzTarPerm modified mode [ 'LICENSE', 420, 438 ]
57 silly gunzTarPerm extractEntry bcrypt.js
58 silly gunzTarPerm modified mode [ 'bcrypt.js', 420, 438 ]
59 silly gunzTarPerm extractEntry Makefile
60 silly gunzTarPerm modified mode [ 'Makefile', 420, 438 ]
61 silly gunzTarPerm extractEntry .travis.yml
62 silly gunzTarPerm modified mode [ '.travis.yml', 420, 438 ]
63 silly gunzTarPerm extractEntry CHANGELOG.md
64 silly gunzTarPerm modified mode [ 'CHANGELOG.md', 420, 438 ]
65 silly gunzTarPerm extractEntry binding.gyp
66 silly gunzTarPerm modified mode [ 'binding.gyp', 420, 438 ]
67 silly gunzTarPerm extractEntry examples/async_compare.js
68 silly gunzTarPerm modified mode [ 'examples/async_compare.js', 420, 438 ]
69 silly gunzTarPerm extractEntry examples/forever_gen_salt.js
70 silly gunzTarPerm modified mode [ 'examples/forever_gen_salt.js', 420, 438 ]
71 silly gunzTarPerm extractEntry test/async.js
72 silly gunzTarPerm modified mode [ 'test/async.js', 420, 438 ]
73 silly gunzTarPerm extractEntry test/repetitions.js
74 silly gunzTarPerm modified mode [ 'test/repetitions.js', 420, 438 ]
75 silly gunzTarPerm extractEntry test/sync.js
76 silly gunzTarPerm modified mode [ 'test/sync.js', 420, 438 ]
77 silly gunzTarPerm extractEntry ISSUE_TEMPLATE.md
78 silly gunzTarPerm modified mode [ 'ISSUE_TEMPLATE.md', 420, 438 ]
79 silly gunzTarPerm extractEntry src/bcrypt.cc
80 silly gunzTarPerm modified mode [ 'src/bcrypt.cc', 420, 438 ]
81 silly gunzTarPerm extractEntry src/bcrypt_node.cc
82 silly gunzTarPerm modified mode [ 'src/bcrypt_node.cc', 420, 438 ]
83 silly gunzTarPerm extractEntry src/blowfish.cc
84 silly gunzTarPerm modified mode [ 'src/blowfish.cc', 420, 438 ]
85 silly gunzTarPerm extractEntry src/node_blf.h
86 silly gunzTarPerm modified mode [ 'src/node_blf.h', 420, 438 ]
87 silly gunzTarPerm extractEntry werker.yml
88 silly gunzTarPerm modified mode [ 'werker.yml', 420, 438 ]
89 verbose write writing to D:\____ActiveProjects\easyarch\node_modules\bcrypt\package.json
90 info preinstall bcrypt@0.8.7
91 verbose readDependencies loading dependencies from D:\____ActiveProjects\easyarch\node_modules\bcrypt\package.json
92 silly prepareForInstallMany adding bindings@1.2.1 from bcrypt dependencies
93 silly prepareForInstallMany adding nan@2.3.5 from bcrypt dependencies
94 verbose readDependencies loading dependencies from D:\____ActiveProjects\easyarch\node_modules\bcrypt\package.json
95 silly cache add args [ 'bindings@1.2.1', null ]
96 verbose cache add spec bindings@1.2.1
97 silly cache add args [ 'nan@2.3.5', null ]
98 verbose cache add spec nan@2.3.5
99 silly cache add parsed spec { raw: 'bindings@1.2.1',
99 silly cache add   scope: null,
99 silly cache add   name: 'bindings',
99 silly cache add   rawSpec: '1.2.1',
99 silly cache add   spec: '1.2.1',
99 silly cache add   type: 'version' }
100 silly addNamed bindings@1.2.1
101 verbose addNamed "1.2.1" is a plain semver version for bindings
102 silly mapToRegistry name bindings
103 silly mapToRegistry using default registry
104 silly mapToRegistry registry https://registry.npmjs.org/
105 silly mapToRegistry uri https://registry.npmjs.org/bindings
106 verbose addNameVersion registry:https://registry.npmjs.org/bindings not in flight; fetching
107 silly cache add parsed spec { raw: 'nan@2.3.5',
107 silly cache add   scope: null,
107 silly cache add   name: 'nan',
107 silly cache add   rawSpec: '2.3.5',
107 silly cache add   spec: '2.3.5',
107 silly cache add   type: 'version' }
108 silly addNamed nan@2.3.5
109 verbose addNamed "2.3.5" is a plain semver version for nan
110 silly mapToRegistry name nan
111 silly mapToRegistry using default registry
112 silly mapToRegistry registry https://registry.npmjs.org/
113 silly mapToRegistry uri https://registry.npmjs.org/nan
114 verbose addNameVersion registry:https://registry.npmjs.org/nan not in flight; fetching
115 verbose request uri https://registry.npmjs.org/bindings
116 verbose request no auth needed
117 info attempt registry request try #1 at 23:27:07
118 verbose etag "9UWSP22HTOHKKIMOB4NCPYRCX"
119 http request GET https://registry.npmjs.org/bindings
120 verbose request uri https://registry.npmjs.org/nan
121 verbose request no auth needed
122 info attempt registry request try #1 at 23:27:07
123 verbose etag "1OOZJAUMBQC59OINHZGMRRCSL"
124 http request GET https://registry.npmjs.org/nan
125 http 200 https://registry.npmjs.org/bindings
126 silly get cb [ 200,
126 silly get   { server: 'CouchDB/1.5.0 (Erlang OTP/R16B03)',
126 silly get     etag: '"33TX4J3DNTGF7K41ZUV6OA182"',
126 silly get     'content-type': 'application/json',
126 silly get     'content-encoding': 'gzip',
126 silly get     'cache-control': 'max-age=300',
126 silly get     'content-length': '3804',
126 silly get     'accept-ranges': 'bytes',
126 silly get     date: 'Thu, 08 Sep 2016 21:27:07 GMT',
126 silly get     via: '1.1 varnish',
126 silly get     age: '240',
126 silly get     connection: 'keep-alive',
126 silly get     'x-served-by': 'cache-fra1243-FRA',
126 silly get     'x-cache': 'HIT',
126 silly get     'x-cache-hits': '3',
126 silly get     'x-timer': 'S1473370027.979525,VS0,VE0',
126 silly get     vary: 'Accept-Encoding' } ]
127 verbose get saving bindings to C:\Users\User\AppData\Roaming\npm-cache\registry.npmjs.org\bindings\.cache.json
128 silly mapToRegistry name bindings
129 silly mapToRegistry using default registry
130 silly mapToRegistry registry https://registry.npmjs.org/
131 silly mapToRegistry uri https://registry.npmjs.org/bindings
132 verbose addRemoteTarball https://registry.npmjs.org/bindings/-/bindings-1.2.1.tgz not in flight; adding
133 verbose addRemoteTarball [ 'https://registry.npmjs.org/bindings/-/bindings-1.2.1.tgz',
133 verbose addRemoteTarball   '14ad6113812d2d37d72e67b4cacb4bb726505f11' ]
134 info retry fetch attempt 1 at 23:27:08
135 info attempt registry request try #1 at 23:27:08
136 http fetch GET https://registry.npmjs.org/bindings/-/bindings-1.2.1.tgz
137 http 304 https://registry.npmjs.org/nan
138 silly get cb [ 304,
138 silly get   { date: 'Thu, 08 Sep 2016 21:27:07 GMT',
138 silly get     via: '1.1 varnish',
138 silly get     'cache-control': 'max-age=300',
138 silly get     etag: '"1OOZJAUMBQC59OINHZGMRRCSL"',
138 silly get     age: '232',
138 silly get     connection: 'keep-alive',
138 silly get     'x-served-by': 'cache-fra1248-FRA',
138 silly get     'x-cache': 'HIT',
138 silly get     'x-cache-hits': '1',
138 silly get     'x-timer': 'S1473370027.989301,VS0,VE0',
138 silly get     vary: 'Accept-Encoding' } ]
139 verbose etag https://registry.npmjs.org/nan from cache
140 verbose get saving nan to C:\Users\User\AppData\Roaming\npm-cache\registry.npmjs.org\nan\.cache.json
141 silly cache afterAdd nan@2.3.5
142 verbose afterAdd C:\Users\User\AppData\Roaming\npm-cache\nan\2.3.5\package\package.json not in flight; writing
143 verbose afterAdd C:\Users\User\AppData\Roaming\npm-cache\nan\2.3.5\package\package.json written
144 http fetch 200 https://registry.npmjs.org/bindings/-/bindings-1.2.1.tgz
145 silly fetchAndShaCheck shasum 14ad6113812d2d37d72e67b4cacb4bb726505f11
146 verbose addTmpTarball C:\Users\User\AppData\Local\Temp\npm-5692-3174ab12\registry.npmjs.org\bindings\-\bindings-1.2.1.tgz not in flight; adding
147 verbose addTmpTarball already have metadata; skipping unpack for bindings@1.2.1
148 silly cache afterAdd bindings@1.2.1
149 verbose afterAdd C:\Users\User\AppData\Roaming\npm-cache\bindings\1.2.1\package\package.json not in flight; writing
150 verbose afterAdd C:\Users\User\AppData\Roaming\npm-cache\bindings\1.2.1\package\package.json written
151 silly install resolved [ { name: 'nan',
151 silly install resolved     version: '2.3.5',
151 silly install resolved     description: 'Native Abstractions for Node.js: C++ header for Node 0.8 -> 6 compatibility',
151 silly install resolved     main: 'include_dirs.js',
151 silly install resolved     repository: { type: 'git', url: 'git://github.com/nodejs/nan.git' },
151 silly install resolved     scripts:
151 silly install resolved      { test: 'tap --gc --stderr test/js/*-test.js',
151 silly install resolved        'rebuild-tests': 'node-gyp rebuild --msvs_version=2013 --directory test',
151 silly install resolved        docs: 'doc/.build.sh' },
151 silly install resolved     contributors:
151 silly install resolved      [ [Object],
151 silly install resolved        [Object],
151 silly install resolved        [Object],
151 silly install resolved        [Object],
151 silly install resolved        [Object],
151 silly install resolved        [Object],
151 silly install resolved        [Object] ],
151 silly install resolved     devDependencies:
151 silly install resolved      { bindings: '~1.2.1',
151 silly install resolved        commander: '^2.8.1',
151 silly install resolved        glob: '^5.0.14',
151 silly install resolved        'node-gyp': '~3.0.1',
151 silly install resolved        tap: '~0.7.1',
151 silly install resolved        xtend: '~4.0.0' },
151 silly install resolved     license: 'MIT',
151 silly install resolved     bugs: { url: 'https://github.com/nodejs/nan/issues' },
151 silly install resolved     homepage: 'https://github.com/nodejs/nan#readme',
151 silly install resolved     _id: 'nan@2.3.5',
151 silly install resolved     _shasum: '822a0dc266290ce4cd3a12282ca3e7e364668a08',
151 silly install resolved     _resolved: 'https://registry.npmjs.org/nan/-/nan-2.3.5.tgz',
151 silly install resolved     _from: 'nan@2.3.5',
151 silly install resolved     _npmVersion: '3.3.6',
151 silly install resolved     _nodeVersion: '5.0.0',
151 silly install resolved     _npmUser: { name: 'kkoopa', email: 'bbyholm@abo.fi' },
151 silly install resolved     dist:
151 silly install resolved      { shasum: '822a0dc266290ce4cd3a12282ca3e7e364668a08',
151 silly install resolved        tarball: 'https://registry.npmjs.org/nan/-/nan-2.3.5.tgz' },
151 silly install resolved     maintainers: [ [Object], [Object] ],
151 silly install resolved     _npmOperationalInternal:
151 silly install resolved      { host: 'packages-12-west.internal.npmjs.com',
151 silly install resolved        tmp: 'tmp/nan-2.3.5.tgz_1464707164994_0.4295874561648816' },
151 silly install resolved     directories: {},
151 silly install resolved     readme: 'ERROR: No README data found!' },
151 silly install resolved   { name: 'bindings',
151 silly install resolved     description: 'Helper module for loading your native module\'s .node file',
151 silly install resolved     keywords: [ 'native', 'addon', 'bindings', 'gyp', 'waf', 'c', 'c++' ],
151 silly install resolved     version: '1.2.1',
151 silly install resolved     author:
151 silly install resolved      { name: 'Nathan Rajlich',
151 silly install resolved        email: 'nathan@tootallnate.net',
151 silly install resolved        url: 'http://tootallnate.net' },
151 silly install resolved     repository:
151 silly install resolved      { type: 'git',
151 silly install resolved        url: 'git://github.com/TooTallNate/node-bindings.git' },
151 silly install resolved     main: './bindings.js',
151 silly install resolved     bugs: { url: 'https://github.com/TooTallNate/node-bindings/issues' },
151 silly install resolved     homepage: 'https://github.com/TooTallNate/node-bindings',
151 silly install resolved     license: 'MIT',
151 silly install resolved     gitHead: 'e404152ee27f8478ccbc7122ee051246e8e5ec02',
151 silly install resolved     _id: 'bindings@1.2.1',
151 silly install resolved     scripts: {},
151 silly install resolved     _shasum: '14ad6113812d2d37d72e67b4cacb4bb726505f11',
151 silly install resolved     _from: 'bindings@1.2.1',
151 silly install resolved     _npmVersion: '1.4.14',
151 silly install resolved     _npmUser: { name: 'tootallnate', email: 'nathan@tootallnate.net' },
151 silly install resolved     maintainers: [ [Object], [Object] ],
151 silly install resolved     dist:
151 silly install resolved      { shasum: '14ad6113812d2d37d72e67b4cacb4bb726505f11',
151 silly install resolved        tarball: 'https://registry.npmjs.org/bindings/-/bindings-1.2.1.tgz' },
151 silly install resolved     directories: {},
151 silly install resolved     _resolved: 'https://registry.npmjs.org/bindings/-/bindings-1.2.1.tgz' } ]
152 info install nan@2.3.5 into D:\____ActiveProjects\easyarch\node_modules\bcrypt
153 info install bindings@1.2.1 into D:\____ActiveProjects\easyarch\node_modules\bcrypt
154 info installOne nan@2.3.5
155 verbose installOne of nan to D:\____ActiveProjects\easyarch\node_modules\bcrypt not in flight; installing
156 info installOne bindings@1.2.1
157 verbose installOne of bindings to D:\____ActiveProjects\easyarch\node_modules\bcrypt not in flight; installing
158 verbose lock using C:\Users\User\AppData\Roaming\npm-cache\_locks\nan-4c91d05567ce0b08.lock for D:\____ActiveProjects\easyarch\node_modules\bcrypt\node_modules\nan
159 verbose lock using C:\Users\User\AppData\Roaming\npm-cache\_locks\bindings-4748685a16e452d7.lock for D:\____ActiveProjects\easyarch\node_modules\bcrypt\node_modules\bindings
160 silly install write writing nan 2.3.5 to D:\____ActiveProjects\easyarch\node_modules\bcrypt\node_modules\nan
161 silly install write writing bindings 1.2.1 to D:\____ActiveProjects\easyarch\node_modules\bcrypt\node_modules\bindings
162 verbose unbuild node_modules\bcrypt\node_modules\nan
163 verbose unbuild node_modules\bcrypt\node_modules\bindings
164 silly gentlyRm D:\____ActiveProjects\easyarch\node_modules\bcrypt\node_modules\nan is being purged from base D:\____ActiveProjects\easyarch
165 verbose gentlyRm don't care about contents; nuking D:\____ActiveProjects\easyarch\node_modules\bcrypt\node_modules\nan
166 silly gentlyRm D:\____ActiveProjects\easyarch\node_modules\bcrypt\node_modules\bindings is being purged from base D:\____ActiveProjects\easyarch
167 verbose gentlyRm don't care about contents; nuking D:\____ActiveProjects\easyarch\node_modules\bcrypt\node_modules\bindings
168 verbose tar unpack C:\Users\User\AppData\Roaming\npm-cache\nan\2.3.5\package.tgz
169 verbose tar unpacking to D:\____ActiveProjects\easyarch\node_modules\bcrypt\node_modules\nan
170 silly gentlyRm D:\____ActiveProjects\easyarch\node_modules\bcrypt\node_modules\nan is being purged
171 verbose gentlyRm don't care about contents; nuking D:\____ActiveProjects\easyarch\node_modules\bcrypt\node_modules\nan
172 verbose tar unpack C:\Users\User\AppData\Roaming\npm-cache\bindings\1.2.1\package.tgz
173 verbose tar unpacking to D:\____ActiveProjects\easyarch\node_modules\bcrypt\node_modules\bindings
174 silly gentlyRm D:\____ActiveProjects\easyarch\node_modules\bcrypt\node_modules\bindings is being purged
175 verbose gentlyRm don't care about contents; nuking D:\____ActiveProjects\easyarch\node_modules\bcrypt\node_modules\bindings
176 silly gunzTarPerm modes [ '777', '666' ]
177 silly gunzTarPerm modes [ '777', '666' ]
178 silly gunzTarPerm extractEntry package.json
179 silly gunzTarPerm modified mode [ 'package.json', 420, 438 ]
180 silly gunzTarPerm extractEntry README.md
181 silly gunzTarPerm modified mode [ 'README.md', 420, 438 ]
182 silly gunzTarPerm extractEntry bindings.js
183 silly gunzTarPerm modified mode [ 'bindings.js', 420, 438 ]
184 verbose write writing to D:\____ActiveProjects\easyarch\node_modules\bcrypt\node_modules\bindings\package.json
185 silly gunzTarPerm extractEntry package.json
186 silly gunzTarPerm modified mode [ 'package.json', 436, 438 ]
187 info preinstall bindings@1.2.1
188 silly gunzTarPerm extractEntry README.md
189 silly gunzTarPerm modified mode [ 'README.md', 436, 438 ]
190 silly gunzTarPerm extractEntry include_dirs.js
191 silly gunzTarPerm modified mode [ 'include_dirs.js', 436, 438 ]
192 verbose readDependencies loading dependencies from D:\____ActiveProjects\easyarch\node_modules\bcrypt\node_modules\bindings\package.json
193 silly gunzTarPerm extractEntry nan_converters.h
194 silly gunzTarPerm modified mode [ 'nan_converters.h', 436, 438 ]
195 silly gunzTarPerm extractEntry LICENSE.md
196 silly gunzTarPerm modified mode [ 'LICENSE.md', 436, 438 ]
197 silly gunzTarPerm extractEntry doc/node_misc.md
198 silly gunzTarPerm modified mode [ 'doc/node_misc.md', 436, 438 ]
199 verbose readDependencies loading dependencies from D:\____ActiveProjects\easyarch\node_modules\bcrypt\node_modules\bindings\package.json
200 silly install resolved []
201 verbose about to build D:\____ActiveProjects\easyarch\node_modules\bcrypt\node_modules\bindings
202 info build D:\____ActiveProjects\easyarch\node_modules\bcrypt\node_modules\bindings
203 info linkStuff bindings@1.2.1
204 silly linkStuff bindings@1.2.1 has D:\____ActiveProjects\easyarch\node_modules\bcrypt\node_modules as its parent node_modules
205 verbose linkBins bindings@1.2.1
206 verbose linkMans bindings@1.2.1
207 verbose rebuildBundles bindings@1.2.1
208 info install bindings@1.2.1
209 info postinstall bindings@1.2.1
210 silly gunzTarPerm extractEntry doc/asyncworker.md
211 silly gunzTarPerm modified mode [ 'doc/asyncworker.md', 436, 438 ]
212 verbose unlock done using C:\Users\User\AppData\Roaming\npm-cache\_locks\bindings-4748685a16e452d7.lock for D:\____ActiveProjects\easyarch\node_modules\bcrypt\node_modules\bindings
213 silly gunzTarPerm extractEntry doc/callback.md
214 silly gunzTarPerm modified mode [ 'doc/callback.md', 436, 438 ]
215 silly gunzTarPerm extractEntry doc/converters.md
216 silly gunzTarPerm modified mode [ 'doc/converters.md', 436, 438 ]
217 silly gunzTarPerm extractEntry doc/errors.md
218 silly gunzTarPerm modified mode [ 'doc/errors.md', 436, 438 ]
219 silly gunzTarPerm extractEntry doc/maybe_types.md
220 silly gunzTarPerm modified mode [ 'doc/maybe_types.md', 436, 438 ]
221 silly gunzTarPerm extractEntry doc/methods.md
222 silly gunzTarPerm modified mode [ 'doc/methods.md', 436, 438 ]
223 silly gunzTarPerm extractEntry doc/new.md
224 silly gunzTarPerm modified mode [ 'doc/new.md', 436, 438 ]
225 silly gunzTarPerm extractEntry doc/buffers.md
226 silly gunzTarPerm modified mode [ 'doc/buffers.md', 436, 438 ]
227 silly gunzTarPerm extractEntry doc/object_wrappers.md
228 silly gunzTarPerm modified mode [ 'doc/object_wrappers.md', 436, 438 ]
229 silly gunzTarPerm extractEntry doc/persistent.md
230 silly gunzTarPerm modified mode [ 'doc/persistent.md', 436, 438 ]
231 silly gunzTarPerm extractEntry doc/scopes.md
232 silly gunzTarPerm modified mode [ 'doc/scopes.md', 436, 438 ]
233 silly gunzTarPerm extractEntry doc/script.md
234 silly gunzTarPerm modified mode [ 'doc/script.md', 436, 438 ]
235 silly gunzTarPerm extractEntry doc/string_bytes.md
236 silly gunzTarPerm modified mode [ 'doc/string_bytes.md', 436, 438 ]
237 silly gunzTarPerm extractEntry doc/v8_internals.md
238 silly gunzTarPerm modified mode [ 'doc/v8_internals.md', 436, 438 ]
239 silly gunzTarPerm extractEntry doc/v8_misc.md
240 silly gunzTarPerm modified mode [ 'doc/v8_misc.md', 436, 438 ]
241 silly gunzTarPerm extractEntry nan.h
242 silly gunzTarPerm modified mode [ 'nan.h', 436, 438 ]
243 silly gunzTarPerm extractEntry nan_callbacks.h
244 silly gunzTarPerm modified mode [ 'nan_callbacks.h', 436, 438 ]
245 silly gunzTarPerm extractEntry nan_callbacks_12_inl.h
246 silly gunzTarPerm modified mode [ 'nan_callbacks_12_inl.h', 436, 438 ]
247 silly gunzTarPerm extractEntry nan_callbacks_pre_12_inl.h
248 silly gunzTarPerm modified mode [ 'nan_callbacks_pre_12_inl.h', 436, 438 ]
249 silly gunzTarPerm extractEntry nan_converters_43_inl.h
250 silly gunzTarPerm modified mode [ 'nan_converters_43_inl.h', 436, 438 ]
251 silly gunzTarPerm extractEntry nan_converters_pre_43_inl.h
252 silly gunzTarPerm modified mode [ 'nan_converters_pre_43_inl.h', 436, 438 ]
253 silly gunzTarPerm extractEntry nan_implementation_12_inl.h
254 silly gunzTarPerm modified mode [ 'nan_implementation_12_inl.h', 436, 438 ]
255 silly gunzTarPerm extractEntry nan_implementation_pre_12_inl.h
256 silly gunzTarPerm modified mode [ 'nan_implementation_pre_12_inl.h', 436, 438 ]
257 silly gunzTarPerm extractEntry nan_maybe_43_inl.h
258 silly gunzTarPerm modified mode [ 'nan_maybe_43_inl.h', 436, 438 ]
259 silly gunzTarPerm extractEntry nan_maybe_pre_43_inl.h
260 silly gunzTarPerm modified mode [ 'nan_maybe_pre_43_inl.h', 436, 438 ]
261 silly gunzTarPerm extractEntry nan_new.h
262 silly gunzTarPerm modified mode [ 'nan_new.h', 436, 438 ]
263 silly gunzTarPerm extractEntry nan_object_wrap.h
264 silly gunzTarPerm modified mode [ 'nan_object_wrap.h', 436, 438 ]
265 silly gunzTarPerm extractEntry nan_persistent_12_inl.h
266 silly gunzTarPerm modified mode [ 'nan_persistent_12_inl.h', 436, 438 ]
267 silly gunzTarPerm extractEntry nan_persistent_pre_12_inl.h
268 silly gunzTarPerm modified mode [ 'nan_persistent_pre_12_inl.h', 436, 438 ]
269 silly gunzTarPerm extractEntry nan_string_bytes.h
270 silly gunzTarPerm modified mode [ 'nan_string_bytes.h', 436, 438 ]
271 silly gunzTarPerm extractEntry nan_typedarray_contents.h
272 silly gunzTarPerm modified mode [ 'nan_typedarray_contents.h', 436, 438 ]
273 silly gunzTarPerm extractEntry nan_weak.h
274 silly gunzTarPerm modified mode [ 'nan_weak.h', 436, 438 ]
275 silly gunzTarPerm extractEntry CHANGELOG.md
276 silly gunzTarPerm modified mode [ 'CHANGELOG.md', 436, 438 ]
277 silly gunzTarPerm extractEntry tools/package.json
278 silly gunzTarPerm modified mode [ 'tools/package.json', 436, 438 ]
279 silly gunzTarPerm extractEntry tools/README.md
280 silly gunzTarPerm modified mode [ 'tools/README.md', 436, 438 ]
281 silly gunzTarPerm extractEntry tools/1to2.js
282 silly gunzTarPerm modified mode [ 'tools/1to2.js', 509, 511 ]
283 verbose write writing to D:\____ActiveProjects\easyarch\node_modules\bcrypt\node_modules\nan\package.json
284 info preinstall nan@2.3.5
285 verbose readDependencies loading dependencies from D:\____ActiveProjects\easyarch\node_modules\bcrypt\node_modules\nan\package.json
286 verbose readDependencies loading dependencies from D:\____ActiveProjects\easyarch\node_modules\bcrypt\node_modules\nan\package.json
287 silly install resolved []
288 verbose about to build D:\____ActiveProjects\easyarch\node_modules\bcrypt\node_modules\nan
289 info build D:\____ActiveProjects\easyarch\node_modules\bcrypt\node_modules\nan
290 info linkStuff nan@2.3.5
291 silly linkStuff nan@2.3.5 has D:\____ActiveProjects\easyarch\node_modules\bcrypt\node_modules as its parent node_modules
292 verbose linkBins nan@2.3.5
293 verbose linkMans nan@2.3.5
294 verbose rebuildBundles nan@2.3.5
295 info install nan@2.3.5
296 info postinstall nan@2.3.5
297 verbose unlock done using C:\Users\User\AppData\Roaming\npm-cache\_locks\nan-4c91d05567ce0b08.lock for D:\____ActiveProjects\easyarch\node_modules\bcrypt\node_modules\nan
298 verbose about to build D:\____ActiveProjects\easyarch\node_modules\bcrypt
299 info build D:\____ActiveProjects\easyarch\node_modules\bcrypt
300 info linkStuff bcrypt@0.8.7
301 silly linkStuff bcrypt@0.8.7 has D:\____ActiveProjects\easyarch\node_modules as its parent node_modules
302 verbose linkBins bcrypt@0.8.7
303 verbose linkMans bcrypt@0.8.7
304 verbose rebuildBundles bcrypt@0.8.7
305 verbose rebuildBundles [ 'bindings', 'nan' ]
306 info install bcrypt@0.8.7
307 verbose unsafe-perm in lifecycle true
308 info bcrypt@0.8.7 Failed to exec install script
309 verbose unlock done using C:\Users\User\AppData\Roaming\npm-cache\_locks\bcrypt-58527c8101eda759.lock for D:\____ActiveProjects\easyarch\node_modules\bcrypt
310 verbose stack Error: bcrypt@0.8.7 install: `node-gyp rebuild`
310 verbose stack Exit status 1
310 verbose stack     at EventEmitter.<anonymous> (D:\Programs\nodejs\node_modules\npm\lib\utils\lifecycle.js:213:16)
310 verbose stack     at EventEmitter.emit (events.js:110:17)
310 verbose stack     at ChildProcess.<anonymous> (D:\Programs\nodejs\node_modules\npm\lib\utils\spawn.js:24:14)
310 verbose stack     at ChildProcess.emit (events.js:110:17)
310 verbose stack     at maybeClose (child_process.js:1015:16)
310 verbose stack     at Process.ChildProcess._handle.onexit (child_process.js:1087:5)
311 verbose pkgid bcrypt@0.8.7
312 verbose cwd D:\____ActiveProjects\easyarch
313 error Windows_NT 6.3.9600
314 error argv "D:\\Programs\\nodejs\\\\node.exe" "D:\\Programs\\nodejs\\node_modules\\npm\\bin\\npm-cli.js" "install" "bcrypt" "--save"
315 error node v0.12.7
316 error npm  v2.11.3
317 error code ELIFECYCLE
318 error bcrypt@0.8.7 install: `node-gyp rebuild`
318 error Exit status 1
319 error Failed at the bcrypt@0.8.7 install script 'node-gyp rebuild'.
319 error This is most likely a problem with the bcrypt package,
319 error not with npm itself.
319 error Tell the author that this fails on your system:
319 error     node-gyp rebuild
319 error You can get their info via:
319 error     npm owner ls bcrypt
319 error There is likely additional logging output above.
320 verbose exit [ 1, true ]
321 verbose unbuild node_modules\bcrypt
322 info preuninstall bcrypt@0.8.7
323 info uninstall bcrypt@0.8.7
324 verbose unbuild rmStuff bcrypt@0.8.7 from D:\____ActiveProjects\easyarch\node_modules
325 info postuninstall bcrypt@0.8.7
326 silly gentlyRm D:\____ActiveProjects\easyarch\node_modules\bcrypt is being purged from base D:\____ActiveProjects\easyarch
327 verbose gentlyRm don't care about contents; nuking D:\____ActiveProjects\easyarch\node_modules\bcrypt
328 silly vacuum-fs purging D:\____ActiveProjects\easyarch\node_modules\bcrypt
329 silly vacuum-fs quitting because other entries in D:\____ActiveProjects\easyarch\node_modules
