0 info it worked if it ends with ok
1 verbose cli [ 'D:\\Programs\\nodejs\\\\node.exe',
1 verbose cli   'D:\\Programs\\nodejs\\node_modules\\npm\\bin\\npm-cli.js',
1 verbose cli   'install' ]
2 info using npm@2.11.3
3 info using node@v0.12.7
4 verbose readDependencies loading dependencies from D:\____ActiveProjects\easyarch\front_end\package.json
5 warn package.json themes@0.0.0 No description
6 warn package.json themes@0.0.0 No repository field.
7 warn package.json themes@0.0.0 No README data
8 warn package.json themes@0.0.0 No license field.
9 verbose install where, deps [ 'D:\\____ActiveProjects\\easyarch\\front_end',
9 verbose install   [ 'grunt',
9 verbose install     'grunt-angular-templates',
9 verbose install     'grunt-autoprefixer',
9 verbose install     'grunt-bower-install',
9 verbose install     'grunt-concurrent',
9 verbose install     'grunt-contrib-clean',
9 verbose install     'grunt-contrib-concat',
9 verbose install     'grunt-contrib-connect',
9 verbose install     'grunt-contrib-copy',
9 verbose install     'grunt-contrib-cssmin',
9 verbose install     'grunt-contrib-htmlmin',
9 verbose install     'grunt-contrib-imagemin',
9 verbose install     'grunt-contrib-jshint',
9 verbose install     'grunt-contrib-less',
9 verbose install     'grunt-contrib-uglify',
9 verbose install     'grunt-contrib-watch',
9 verbose install     'grunt-google-cdn',
9 verbose install     'grunt-karma',
9 verbose install     'grunt-newer',
9 verbose install     'grunt-ngmin',
9 verbose install     'grunt-processhtml',
9 verbose install     'grunt-rev',
9 verbose install     'grunt-svgmin',
9 verbose install     'grunt-usemin',
9 verbose install     'jshint-stylish',
9 verbose install     'karma-ng-html2js-preprocessor',
9 verbose install     'karma-ng-scenario',
9 verbose install     'load-grunt-tasks',
9 verbose install     'time-grunt',
9 verbose install     'express',
9 verbose install     'morgan' ] ]
10 verbose install where, peers [ 'D:\\____ActiveProjects\\easyarch\\front_end', [] ]
11 verbose installManyTop reading for lifecycle D:\____ActiveProjects\easyarch\front_end\package.json
12 info preinstall themes@0.0.0
13 verbose installManyTop reading scoped package data from D:\____ActiveProjects\easyarch\front_end\node_modules\express\package.json
14 verbose installManyTop reading scoped package data from D:\____ActiveProjects\easyarch\front_end\node_modules\grunt\package.json
15 verbose installManyTop reading scoped package data from D:\____ActiveProjects\easyarch\front_end\node_modules\grunt-angular-templates\package.json
16 verbose installManyTop reading scoped package data from D:\____ActiveProjects\easyarch\front_end\node_modules\grunt-autoprefixer\package.json
17 verbose installManyTop reading scoped package data from D:\____ActiveProjects\easyarch\front_end\node_modules\grunt-bower-install\package.json
18 verbose installManyTop reading scoped package data from D:\____ActiveProjects\easyarch\front_end\node_modules\grunt-concurrent\package.json
19 verbose installManyTop reading scoped package data from D:\____ActiveProjects\easyarch\front_end\node_modules\grunt-contrib-clean\package.json
20 verbose installManyTop reading scoped package data from D:\____ActiveProjects\easyarch\front_end\node_modules\grunt-contrib-concat\package.json
21 verbose installManyTop reading scoped package data from D:\____ActiveProjects\easyarch\front_end\node_modules\grunt-contrib-connect\package.json
22 verbose installManyTop reading scoped package data from D:\____ActiveProjects\easyarch\front_end\node_modules\grunt-contrib-copy\package.json
23 verbose installManyTop reading scoped package data from D:\____ActiveProjects\easyarch\front_end\node_modules\grunt-contrib-cssmin\package.json
24 verbose installManyTop reading scoped package data from D:\____ActiveProjects\easyarch\front_end\node_modules\grunt-contrib-htmlmin\package.json
25 verbose installManyTop reading scoped package data from D:\____ActiveProjects\easyarch\front_end\node_modules\grunt-contrib-imagemin\package.json
26 verbose installManyTop reading scoped package data from D:\____ActiveProjects\easyarch\front_end\node_modules\grunt-contrib-jshint\package.json
27 verbose installManyTop reading scoped package data from D:\____ActiveProjects\easyarch\front_end\node_modules\grunt-contrib-less\package.json
28 verbose installManyTop reading scoped package data from D:\____ActiveProjects\easyarch\front_end\node_modules\grunt-contrib-uglify\package.json
29 verbose installManyTop reading scoped package data from D:\____ActiveProjects\easyarch\front_end\node_modules\grunt-contrib-watch\package.json
30 verbose installManyTop reading scoped package data from D:\____ActiveProjects\easyarch\front_end\node_modules\grunt-google-cdn\package.json
31 verbose installManyTop reading scoped package data from D:\____ActiveProjects\easyarch\front_end\node_modules\grunt-karma\package.json
32 verbose installManyTop reading scoped package data from D:\____ActiveProjects\easyarch\front_end\node_modules\grunt-newer\package.json
33 verbose installManyTop reading scoped package data from D:\____ActiveProjects\easyarch\front_end\node_modules\grunt-ngmin\package.json
34 verbose installManyTop reading scoped package data from D:\____ActiveProjects\easyarch\front_end\node_modules\grunt-processhtml\package.json
35 verbose installManyTop reading scoped package data from D:\____ActiveProjects\easyarch\front_end\node_modules\grunt-rev\package.json
36 verbose installManyTop reading scoped package data from D:\____ActiveProjects\easyarch\front_end\node_modules\grunt-svgmin\package.json
37 verbose installManyTop reading scoped package data from D:\____ActiveProjects\easyarch\front_end\node_modules\grunt-usemin\package.json
38 verbose installManyTop reading scoped package data from D:\____ActiveProjects\easyarch\front_end\node_modules\jshint-stylish\package.json
39 verbose installManyTop reading scoped package data from D:\____ActiveProjects\easyarch\front_end\node_modules\karma\package.json
40 verbose installManyTop reading scoped package data from D:\____ActiveProjects\easyarch\front_end\node_modules\karma-ng-html2js-preprocessor\package.json
41 verbose installManyTop reading scoped package data from D:\____ActiveProjects\easyarch\front_end\node_modules\karma-ng-scenario\package.json
42 verbose installManyTop reading scoped package data from D:\____ActiveProjects\easyarch\front_end\node_modules\load-grunt-tasks\package.json
43 verbose installManyTop reading scoped package data from D:\____ActiveProjects\easyarch\front_end\node_modules\morgan\package.json
44 verbose installManyTop reading scoped package data from D:\____ActiveProjects\easyarch\front_end\node_modules\time-grunt\package.json
45 info package.json grunt-contrib-htmlmin@0.1.3 No README data
46 info package.json grunt-contrib-htmlmin@0.1.3 No license field.
47 info package.json grunt-contrib-uglify@0.2.7 No license field.
48 info package.json grunt-contrib-watch@0.5.3 No license field.
49 info package.json grunt-rev@0.1.0 No license field.
50 info package.json grunt-bower-install@1.0.2 No license field.
51 info package.json grunt-angular-templates@0.5.9 No license field.
52 info package.json grunt-autoprefixer@0.4.2 No license field.
53 info package.json grunt-concurrent@0.5.0 No license field.
54 info package.json grunt-contrib-clean@0.5.0 No license field.
55 info package.json grunt-contrib-concat@0.3.0 No license field.
56 info package.json grunt-contrib-connect@0.5.0 No license field.
57 info package.json grunt-contrib-copy@0.4.1 No license field.
58 info package.json grunt-contrib-cssmin@0.7.0 No license field.
59 info package.json grunt-contrib-imagemin@0.3.0 No license field.
60 info package.json grunt-contrib-jshint@0.10.0 No license field.
61 info package.json grunt-contrib-less@0.11.4 No license field.
62 info package.json grunt-google-cdn@0.2.2 license should be a valid SPDX license expression
63 info package.json grunt-newer@0.6.1 No license field.
64 info package.json grunt-ngmin@0.0.3 license should be a valid SPDX license expression
65 info package.json grunt-processhtml@0.3.13 No license field.
66 info package.json grunt-svgmin@0.2.1 No license field.
67 info package.json grunt-usemin@2.0.2 license should be a valid SPDX license expression
68 verbose readDependencies loading dependencies from D:\____ActiveProjects\easyarch\front_end\package.json
69 verbose targetResolver reading package data from D:\____ActiveProjects\easyarch\front_end\node_modules\express\package.json
70 verbose targetResolver reading package data from D:\____ActiveProjects\easyarch\front_end\node_modules\grunt\package.json
71 verbose targetResolver reading package data from D:\____ActiveProjects\easyarch\front_end\node_modules\grunt-angular-templates\package.json
72 verbose targetResolver reading package data from D:\____ActiveProjects\easyarch\front_end\node_modules\grunt-autoprefixer\package.json
73 verbose targetResolver reading package data from D:\____ActiveProjects\easyarch\front_end\node_modules\grunt-bower-install\package.json
74 verbose targetResolver reading package data from D:\____ActiveProjects\easyarch\front_end\node_modules\grunt-concurrent\package.json
75 verbose targetResolver reading package data from D:\____ActiveProjects\easyarch\front_end\node_modules\grunt-contrib-clean\package.json
76 verbose targetResolver reading package data from D:\____ActiveProjects\easyarch\front_end\node_modules\grunt-contrib-concat\package.json
77 verbose targetResolver reading package data from D:\____ActiveProjects\easyarch\front_end\node_modules\grunt-contrib-connect\package.json
78 verbose targetResolver reading package data from D:\____ActiveProjects\easyarch\front_end\node_modules\grunt-contrib-copy\package.json
79 verbose targetResolver reading package data from D:\____ActiveProjects\easyarch\front_end\node_modules\grunt-contrib-cssmin\package.json
80 verbose targetResolver reading package data from D:\____ActiveProjects\easyarch\front_end\node_modules\grunt-contrib-htmlmin\package.json
81 verbose targetResolver reading package data from D:\____ActiveProjects\easyarch\front_end\node_modules\grunt-contrib-imagemin\package.json
82 verbose targetResolver reading package data from D:\____ActiveProjects\easyarch\front_end\node_modules\grunt-contrib-jshint\package.json
83 verbose targetResolver reading package data from D:\____ActiveProjects\easyarch\front_end\node_modules\grunt-contrib-less\package.json
84 verbose targetResolver reading package data from D:\____ActiveProjects\easyarch\front_end\node_modules\grunt-contrib-uglify\package.json
85 verbose targetResolver reading package data from D:\____ActiveProjects\easyarch\front_end\node_modules\grunt-contrib-watch\package.json
86 verbose targetResolver reading package data from D:\____ActiveProjects\easyarch\front_end\node_modules\grunt-google-cdn\package.json
87 verbose targetResolver reading package data from D:\____ActiveProjects\easyarch\front_end\node_modules\grunt-karma\package.json
88 verbose targetResolver reading package data from D:\____ActiveProjects\easyarch\front_end\node_modules\grunt-newer\package.json
89 verbose targetResolver reading package data from D:\____ActiveProjects\easyarch\front_end\node_modules\grunt-ngmin\package.json
90 verbose targetResolver reading package data from D:\____ActiveProjects\easyarch\front_end\node_modules\grunt-processhtml\package.json
91 verbose targetResolver reading package data from D:\____ActiveProjects\easyarch\front_end\node_modules\grunt-rev\package.json
92 verbose targetResolver reading package data from D:\____ActiveProjects\easyarch\front_end\node_modules\grunt-svgmin\package.json
93 verbose targetResolver reading package data from D:\____ActiveProjects\easyarch\front_end\node_modules\grunt-usemin\package.json
94 verbose targetResolver reading package data from D:\____ActiveProjects\easyarch\front_end\node_modules\jshint-stylish\package.json
95 verbose targetResolver reading package data from D:\____ActiveProjects\easyarch\front_end\node_modules\karma\package.json
96 verbose targetResolver reading package data from D:\____ActiveProjects\easyarch\front_end\node_modules\karma-ng-html2js-preprocessor\package.json
97 verbose targetResolver reading package data from D:\____ActiveProjects\easyarch\front_end\node_modules\karma-ng-scenario\package.json
98 verbose targetResolver reading package data from D:\____ActiveProjects\easyarch\front_end\node_modules\load-grunt-tasks\package.json
99 verbose targetResolver reading package data from D:\____ActiveProjects\easyarch\front_end\node_modules\morgan\package.json
100 verbose targetResolver reading package data from D:\____ActiveProjects\easyarch\front_end\node_modules\time-grunt\package.json
101 verbose targetResolver reading package data from D:\____ActiveProjects\easyarch\front_end\node_modules\.bin\autoprefixer\package.json
102 verbose targetResolver reading package data from D:\____ActiveProjects\easyarch\front_end\node_modules\.bin\autoprefixer.cmd\package.json
103 verbose targetResolver reading package data from D:\____ActiveProjects\easyarch\front_end\node_modules\.bin\grunt\package.json
104 verbose targetResolver reading package data from D:\____ActiveProjects\easyarch\front_end\node_modules\.bin\grunt.cmd\package.json
105 verbose targetResolver reading package data from D:\____ActiveProjects\easyarch\front_end\node_modules\.bin\karma\package.json
106 verbose targetResolver reading package data from D:\____ActiveProjects\easyarch\front_end\node_modules\.bin\karma.cmd\package.json
107 verbose already installed skipping grunt-concurrent@~0.5.0 D:\____ActiveProjects\easyarch\front_end
108 verbose already installed skipping grunt-contrib-clean@~0.5.0 D:\____ActiveProjects\easyarch\front_end
109 verbose already installed skipping grunt-contrib-concat@~0.3.0 D:\____ActiveProjects\easyarch\front_end
110 verbose already installed skipping grunt-contrib-connect@~0.5.0 D:\____ActiveProjects\easyarch\front_end
111 verbose already installed skipping grunt-contrib-copy@~0.4.1 D:\____ActiveProjects\easyarch\front_end
112 verbose already installed skipping grunt-contrib-cssmin@~0.7.0 D:\____ActiveProjects\easyarch\front_end
113 verbose already installed skipping grunt-contrib-htmlmin@~0.1.3 D:\____ActiveProjects\easyarch\front_end
114 verbose already installed skipping grunt-contrib-imagemin@~0.3.0 D:\____ActiveProjects\easyarch\front_end
115 verbose already installed skipping grunt-contrib-jshint@~0.10.0 D:\____ActiveProjects\easyarch\front_end
116 verbose already installed skipping grunt-contrib-less@^0.11.3 D:\____ActiveProjects\easyarch\front_end
117 verbose already installed skipping grunt-contrib-uglify@~0.2.0 D:\____ActiveProjects\easyarch\front_end
118 verbose already installed skipping grunt-contrib-watch@~0.5.2 D:\____ActiveProjects\easyarch\front_end
119 verbose already installed skipping grunt-google-cdn@~0.2.0 D:\____ActiveProjects\easyarch\front_end
120 verbose already installed skipping grunt-karma@^0.8.3 D:\____ActiveProjects\easyarch\front_end
121 verbose already installed skipping grunt-newer@~0.6.1 D:\____ActiveProjects\easyarch\front_end
122 verbose already installed skipping grunt-ngmin@~0.0.2 D:\____ActiveProjects\easyarch\front_end
123 verbose already installed skipping grunt-processhtml@^0.3.3 D:\____ActiveProjects\easyarch\front_end
124 verbose already installed skipping grunt-rev@~0.1.0 D:\____ActiveProjects\easyarch\front_end
125 verbose already installed skipping grunt-svgmin@~0.2.0 D:\____ActiveProjects\easyarch\front_end
126 verbose already installed skipping grunt-usemin@~2.0.0 D:\____ActiveProjects\easyarch\front_end
127 verbose already installed skipping jshint-stylish@~0.1.3 D:\____ActiveProjects\easyarch\front_end
128 verbose already installed skipping karma-ng-html2js-preprocessor@^0.1.0 D:\____ActiveProjects\easyarch\front_end
129 verbose already installed skipping karma-ng-scenario@^0.1.0 D:\____ActiveProjects\easyarch\front_end
130 verbose already installed skipping load-grunt-tasks@~0.4.0 D:\____ActiveProjects\easyarch\front_end
131 verbose already installed skipping time-grunt@~0.2.1 D:\____ActiveProjects\easyarch\front_end
132 verbose already installed skipping express@4.x D:\____ActiveProjects\easyarch\front_end
133 silly cache add args [ 'morgan@latest', null ]
134 verbose cache add spec morgan@latest
135 verbose already installed skipping grunt@^1.0.1 D:\____ActiveProjects\easyarch\front_end
136 verbose already installed skipping grunt-angular-templates@^0.5.5 D:\____ActiveProjects\easyarch\front_end
137 silly cache add parsed spec { raw: 'morgan@latest',
137 silly cache add   scope: null,
137 silly cache add   name: 'morgan',
137 silly cache add   rawSpec: 'latest',
137 silly cache add   spec: 'latest',
137 silly cache add   type: 'tag' }
138 silly addNamed morgan@latest
139 verbose addNamed "latest" is being treated as a dist-tag for morgan
140 info addNameTag [ 'morgan', 'latest' ]
141 silly mapToRegistry name morgan
142 silly mapToRegistry using default registry
143 silly mapToRegistry registry https://registry.npmjs.org/
144 silly mapToRegistry uri https://registry.npmjs.org/morgan
145 verbose addNameTag registry:https://registry.npmjs.org/morgan not in flight; fetching
146 verbose already installed skipping grunt-autoprefixer@~0.4.0 D:\____ActiveProjects\easyarch\front_end
147 verbose already installed skipping grunt-bower-install@~1.0.0 D:\____ActiveProjects\easyarch\front_end
148 verbose request uri https://registry.npmjs.org/morgan
149 verbose request no auth needed
150 info attempt registry request try #1 at 00:45:02
151 verbose request id 6af9fce973364671
152 verbose etag "9UK577BYR3P3K4ZH2YY7C42EA"
153 http request GET https://registry.npmjs.org/morgan
154 http 304 https://registry.npmjs.org/morgan
155 silly get cb [ 304,
155 silly get   { date: 'Tue, 06 Sep 2016 22:45:03 GMT',
155 silly get     via: '1.1 varnish',
155 silly get     'cache-control': 'max-age=300',
155 silly get     etag: '"9UK577BYR3P3K4ZH2YY7C42EA"',
155 silly get     age: '24',
155 silly get     connection: 'keep-alive',
155 silly get     'x-served-by': 'cache-fra1234-FRA',
155 silly get     'x-cache': 'HIT',
155 silly get     'x-cache-hits': '1',
155 silly get     'x-timer': 'S1473201903.884188,VS0,VE0',
155 silly get     vary: 'Accept-Encoding' } ]
156 verbose etag https://registry.npmjs.org/morgan from cache
157 verbose get saving morgan to C:\Users\User\AppData\Roaming\npm-cache\registry.npmjs.org\morgan\.cache.json
158 silly addNameTag next cb for morgan with tag latest
159 silly addNamed morgan@1.7.0
160 verbose addNamed "1.7.0" is a plain semver version for morgan
161 silly cache afterAdd morgan@1.7.0
162 verbose afterAdd C:\Users\User\AppData\Roaming\npm-cache\morgan\1.7.0\package\package.json not in flight; writing
163 verbose afterAdd C:\Users\User\AppData\Roaming\npm-cache\morgan\1.7.0\package\package.json written
164 info already installed morgan@1.7.0
165 silly install resolved []
166 info build D:\____ActiveProjects\easyarch\front_end
167 info linkStuff themes@0.0.0
168 silly linkStuff themes@0.0.0 has D:\____ActiveProjects\easyarch as its parent node_modules
169 verbose linkBins themes@0.0.0
170 verbose linkMans themes@0.0.0
171 verbose rebuildBundles themes@0.0.0
172 verbose rebuildBundles [ '.bin',
172 verbose rebuildBundles   'express',
172 verbose rebuildBundles   'grunt',
172 verbose rebuildBundles   'grunt-angular-templates',
172 verbose rebuildBundles   'grunt-autoprefixer',
172 verbose rebuildBundles   'grunt-bower-install',
172 verbose rebuildBundles   'grunt-concurrent',
172 verbose rebuildBundles   'grunt-contrib-clean',
172 verbose rebuildBundles   'grunt-contrib-concat',
172 verbose rebuildBundles   'grunt-contrib-connect',
172 verbose rebuildBundles   'grunt-contrib-copy',
172 verbose rebuildBundles   'grunt-contrib-cssmin',
172 verbose rebuildBundles   'grunt-contrib-htmlmin',
172 verbose rebuildBundles   'grunt-contrib-imagemin',
172 verbose rebuildBundles   'grunt-contrib-jshint',
172 verbose rebuildBundles   'grunt-contrib-less',
172 verbose rebuildBundles   'grunt-contrib-uglify',
172 verbose rebuildBundles   'grunt-contrib-watch',
172 verbose rebuildBundles   'grunt-google-cdn',
172 verbose rebuildBundles   'grunt-karma',
172 verbose rebuildBundles   'grunt-newer',
172 verbose rebuildBundles   'grunt-ngmin',
172 verbose rebuildBundles   'grunt-processhtml',
172 verbose rebuildBundles   'grunt-rev',
172 verbose rebuildBundles   'grunt-svgmin',
172 verbose rebuildBundles   'grunt-usemin',
172 verbose rebuildBundles   'jshint-stylish',
172 verbose rebuildBundles   'karma',
172 verbose rebuildBundles   'karma-ng-html2js-preprocessor',
172 verbose rebuildBundles   'karma-ng-scenario',
172 verbose rebuildBundles   'load-grunt-tasks',
172 verbose rebuildBundles   'morgan',
172 verbose rebuildBundles   'time-grunt' ]
173 verbose rebuild bundle D:\____ActiveProjects\easyarch\front_end\node_modules\karma
174 info build D:\____ActiveProjects\easyarch\front_end\node_modules\karma
175 info preinstall karma@1.2.0
176 info linkStuff karma@1.2.0
177 silly linkStuff karma@1.2.0 has D:\____ActiveProjects\easyarch\front_end\node_modules as its parent node_modules
178 verbose linkBins karma@1.2.0
179 verbose link bins [ { karma: './bin/karma' },
179 verbose link bins   'D:\\____ActiveProjects\\easyarch\\front_end\\node_modules\\.bin',
179 verbose link bins   false ]
180 verbose linkMans karma@1.2.0
181 verbose rebuildBundles karma@1.2.0
182 verbose rebuildBundles [ '.bin',
182 verbose rebuildBundles   'bluebird',
182 verbose rebuildBundles   'body-parser',
182 verbose rebuildBundles   'chokidar',
182 verbose rebuildBundles   'colors',
182 verbose rebuildBundles   'combine-lists',
182 verbose rebuildBundles   'connect',
182 verbose rebuildBundles   'core-js',
182 verbose rebuildBundles   'di',
182 verbose rebuildBundles   'dom-serialize',
182 verbose rebuildBundles   'expand-braces',
182 verbose rebuildBundles   'glob',
182 verbose rebuildBundles   'graceful-fs',
182 verbose rebuildBundles   'http-proxy',
182 verbose rebuildBundles   'isbinaryfile',
182 verbose rebuildBundles   'lodash',
182 verbose rebuildBundles   'log4js',
182 verbose rebuildBundles   'mime',
182 verbose rebuildBundles   'minimatch',
182 verbose rebuildBundles   'optimist',
182 verbose rebuildBundles   'qjobs',
182 verbose rebuildBundles   'rimraf',
182 verbose rebuildBundles   'socket.io',
182 verbose rebuildBundles   'source-map',
182 verbose rebuildBundles   'tmp',
182 verbose rebuildBundles   'useragent' ]
183 info install karma@1.2.0
184 info postinstall karma@1.2.0
185 info install themes@0.0.0
186 info postinstall themes@0.0.0
187 info prepublish themes@0.0.0
188 verbose validateInstall loading D:\____ActiveProjects\easyarch\front_end\package.json for validation
189 verbose stack Error: The package karma does not satisfy its siblings' peerDependencies requirements!
189 verbose stack     at D:\Programs\nodejs\node_modules\npm\lib\install.js:125:32
189 verbose stack     at D:\Programs\nodejs\node_modules\npm\lib\install.js:267:7
189 verbose stack     at D:\Programs\nodejs\node_modules\npm\node_modules\read-installed\read-installed.js:138:5
189 verbose stack     at D:\Programs\nodejs\node_modules\npm\node_modules\read-installed\read-installed.js:251:14
189 verbose stack     at cb (D:\Programs\nodejs\node_modules\npm\node_modules\slide\lib\async-map.js:47:24)
189 verbose stack     at D:\Programs\nodejs\node_modules\npm\node_modules\read-installed\read-installed.js:251:14
189 verbose stack     at cb (D:\Programs\nodejs\node_modules\npm\node_modules\slide\lib\async-map.js:47:24)
189 verbose stack     at D:\Programs\nodejs\node_modules\npm\node_modules\read-installed\read-installed.js:251:14
189 verbose stack     at cb (D:\Programs\nodejs\node_modules\npm\node_modules\slide\lib\async-map.js:47:24)
189 verbose stack     at D:\Programs\nodejs\node_modules\npm\node_modules\read-installed\read-installed.js:251:14
190 verbose cwd D:\____ActiveProjects\easyarch\front_end
191 error Windows_NT 6.3.9600
192 error argv "D:\\Programs\\nodejs\\\\node.exe" "D:\\Programs\\nodejs\\node_modules\\npm\\bin\\npm-cli.js" "install"
193 error node v0.12.7
194 error npm  v2.11.3
195 error code EPEERINVALID
196 error peerinvalid The package karma does not satisfy its siblings' peerDependencies requirements!
196 error peerinvalid Peer karma-ng-html2js-preprocessor@0.1.2 wants karma@>=0.9
196 error peerinvalid Peer karma-ng-scenario@0.1.0 wants karma@>=0.9
196 error peerinvalid Peer grunt-karma@0.8.3 wants karma@~0.12.0
197 verbose exit [ 1, true ]
